<?xml version="1.0" encoding="UTF-8"?>
<!-- Generated by org.testng.reporters.JUnitReportReporter -->
<testsuite hostname="DESKTOP-SO5G69R" failures="0" tests="1" name="UpdateBooking" time="0.602" errors="0" timestamp="2022-11-24T22:39:59 EST" skipped="0">
  <testcase classname="UpdateBooking" name="updateBooking" time="0.602"/>
</testsuite> <!-- UpdateBooking -->
