<?xml version="1.0" encoding="UTF-8"?>
<!-- Generated by org.testng.reporters.JUnitReportReporter -->
<testsuite hostname="DESKTOP-SO5G69R" failures="0" tests="5" name="GetBooking" time="18.016" errors="0" timestamp="2022-11-24T22:39:59 EST" skipped="0">
  <testcase classname="GetBooking" name="ValidStatusCode" time="0.128"/>
  <testcase classname="GetBooking" name="ValidStatusCodeWithPage" time="0.063"/>
  <testcase classname="GetBooking" name="ValidStatusCode_page_number" time="3.635"/>
  <testcase classname="GetBooking" name="JSONSchemaValidation" time="13.126"/>
  <testcase classname="GetBooking" name="getBookingIDs" time="1.064"/>
</testsuite> <!-- GetBooking -->
