<?xml version="1.0" encoding="UTF-8"?>
<!-- Generated by org.testng.reporters.JUnitReportReporter -->
<testsuite hostname="DESKTOP-SO5G69R" failures="0" tests="2" name="DeleteBooking" time="7.019" errors="0" timestamp="2022-11-28T21:59:02 EST" skipped="0">
  <testcase classname="DeleteBooking" name="getExistingBookingIDs" time="0.066"/>
  <testcase classname="DeleteBooking" name="getBookingIDs" time="6.953"/>
</testsuite> <!-- DeleteBooking -->
