<?xml version="1.0" encoding="UTF-8"?>
<!-- Generated by org.testng.reporters.JUnitReportReporter -->
<testsuite hostname="DESKTOP-SO5G69R" failures="0" tests="2" name="PartialUpdateBooking" time="0.275" errors="0" timestamp="2022-11-24T18:07:50 EST" skipped="0">
  <testcase classname="PartialUpdateBooking" name="updateBooking" time="0.215"/>
  <testcase classname="PartialUpdateBooking" name="updateExistingBooking" time="0.060"/>
</testsuite> <!-- PartialUpdateBooking -->
