<?xml version="1.0" encoding="UTF-8"?>
<!-- Generated by org.testng.reporters.JUnitReportReporter -->
<testsuite hostname="DESKTOP-SO5G69R" failures="0" tests="2" name="CreateBooking" time="1.600" errors="0" timestamp="2022-11-24T18:07:50 EST" skipped="0">
  <testcase classname="CreateBooking" name="createNewBooking" time="0.336"/>
  <testcase classname="CreateBooking" name="createNewBooking" time="1.264"/>
</testsuite> <!-- CreateBooking -->
