<?xml version="1.0" encoding="UTF-8"?>
<!-- Generated by org.testng.reporters.JUnitReportReporter -->
<testsuite hostname="DESKTOP-SO5G69R" failures="0" tests="5" name="GetBooking" time="12.042" errors="0" timestamp="2022-11-24T18:07:50 EST" skipped="0">
  <testcase classname="GetBooking" name="ValidStatusCode" time="0.131"/>
  <testcase classname="GetBooking" name="ValidStatusCodeWithPage" time="0.072"/>
  <testcase classname="GetBooking" name="JSONSchemaValidation" time="8.320"/>
  <testcase classname="GetBooking" name="getBookingIDs" time="0.543"/>
  <testcase classname="GetBooking" name="ValidStatusCode_page_number" time="2.976"/>
</testsuite> <!-- GetBooking -->
