<?xml version="1.0" encoding="UTF-8"?>
<!-- Generated by org.testng.reporters.JUnitReportReporter -->
<testsuite hostname="DESKTOP-SO5G69R" failures="0" tests="2" name="DeleteBooking" time="0.432" errors="0" timestamp="2022-11-24T18:07:50 EST" skipped="1">
  <testcase classname="DeleteBooking" name="getBookingIDs" time="0.432"/>
  <testcase classname="DeleteBooking" name="getExistingBookingIDs">
    <skipped/>
  </testcase> <!-- getExistingBookingIDs -->
</testsuite> <!-- DeleteBooking -->
