<?xml version="1.0" encoding="UTF-8"?>
<!-- Generated by org.testng.reporters.JUnitReportReporter -->
<testsuite hostname="DESKTOP-SO5G69R" failures="0" tests="2" name="PartialUpdateBooking" time="0.288" errors="0" timestamp="2022-11-24T22:39:59 EST" skipped="0">
  <testcase classname="PartialUpdateBooking" name="updateExistingBooking" time="0.057"/>
  <testcase classname="PartialUpdateBooking" name="updateBooking" time="0.231"/>
</testsuite> <!-- PartialUpdateBooking -->
